



	    	      - SCORE SHEET V 1.0 -
          Game played Dienstag, November 14, 2023 22:52:47





White Player:  ................ 	 Black Player: ................
_______________________________________________________________________

moves 1-20 		 moves 21-40 		 moves 41-60
_______________________________________________________________________

  1. e4
  2. .....   .....
  3. .....   .....
  4. .....   .....
  5. .....   .....
  6. .....   .....
  7. .....   .....
  8. .....   .....
  9. .....   .....
 10. .....   .....
 11. .....   .....
 12. .....   .....
 13. .....   .....
 14. .....   .....
 15. .....   .....
 16. .....   .....
 17. .....   .....
 18. .....   .....
 19. .....   .....
_______________________________________________________________________

Page 1 of 1 ,  total moves=  1
Scoresheet saved to outputfile.log


